<?xml version="1.0" encoding="UTF-8"?>
<!-- Generated by org.testng.reporters.JUnitReportReporter -->
<testsuite hostname="ITT-VISHAL-S" failures="0" tests="3" name="introduction.DependsOnDemo" time="0.007" errors="0" timestamp="2023-09-25T17:53:37 IST" skipped="0">
  <testcase classname="introduction.DependsOnDemo" name="a" time="0.001"/>
  <system-out/>
  <testcase classname="introduction.DependsOnDemo" name="b" time="0.001"/>
  <system-out/>
  <testcase classname="introduction.DependsOnDemo" name="c" time="0.005"/>
  <system-out/>
</testsuite> <!-- introduction.DependsOnDemo -->
