<?xml version="1.0" encoding="UTF-8"?>
<!-- Generated by org.testng.reporters.JUnitReportReporter -->
<testsuite hostname="ITT-VISHAL-S" failures="0" tests="2" name="introduction.ParameteringTest" time="0.009" errors="0" timestamp="2024-04-30T17:00:18 IST" skipped="0">
  <testcase classname="introduction.ParameteringTest" name="test2" time="0.005"/>
  <system-out/>
  <testcase classname="introduction.ParameteringTest" name="test1" time="0.004"/>
  <system-out/>
</testsuite> <!-- introduction.ParameteringTest -->
