<?xml version="1.0" encoding="UTF-8"?>
<!-- Generated by org.testng.reporters.JUnitReportReporter -->
<testsuite hostname="ITT-VISHAL-S" failures="0" tests="2" name="introduction.IncludeOnlyDemo" time="0.004" errors="0" timestamp="2023-10-07T16:44:01 IST" skipped="0">
  <testcase classname="introduction.IncludeOnlyDemo" name="includeMe" time="0.002"/>
  <system-out/>
  <testcase classname="introduction.IncludeOnlyDemo" name="DoNotIncludeMe" time="0.002"/>
  <system-out/>
</testsuite> <!-- introduction.IncludeOnlyDemo -->
