<?xml version="1.0" encoding="UTF-8"?>
<!-- Generated by org.testng.reporters.JUnitReportReporter -->
<testsuite hostname="ITT-VISHAL-S" failures="0" tests="3" name="introduction.Attribute_DependsOnDemo" time="0.003" errors="0" timestamp="2023-12-03T18:47:43 IST" skipped="0">
  <testcase classname="introduction.Attribute_DependsOnDemo" name="a" time="0.001"/>
  <system-out/>
  <testcase classname="introduction.Attribute_DependsOnDemo" name="c" time="0.001"/>
  <system-out/>
  <testcase classname="introduction.Attribute_DependsOnDemo" name="b" time="0.001"/>
  <system-out/>
</testsuite> <!-- introduction.Attribute_DependsOnDemo -->
