<?xml version="1.0" encoding="UTF-8"?>
<!-- Generated by org.testng.reporters.JUnitReportReporter -->
<testsuite hostname="ITT-VISHAL-S" failures="0" tests="3" name="introduction.Attribute_DataProviderTest" time="0.012" errors="0" timestamp="2023-10-02T15:03:59 IST" skipped="0">
  <testcase classname="introduction.Attribute_DataProviderTest" name="TestDataProvider" time="0.003"/>
  <system-out/>
  <testcase classname="introduction.Attribute_DataProviderTest" name="TestDataProvider" time="0.003"/>
  <system-out/>
  <testcase classname="introduction.Attribute_DataProviderTest" name="TestDataProvider" time="0.006"/>
  <system-out/>
</testsuite> <!-- introduction.Attribute_DataProviderTest -->
