<?xml version="1.0" encoding="UTF-8"?>
<!-- Generated by org.testng.reporters.JUnitReportReporter -->
<testsuite hostname="ITT-VISHAL-S" failures="0" tests="1" name="introduction.FirstTest" time="0.003" errors="0" timestamp="2023-10-07T16:44:01 IST" skipped="0">
  <testcase classname="introduction.FirstTest" name="firstTest" time="0.003"/>
  <system-out/>
</testsuite> <!-- introduction.FirstTest -->
