<?xml version="1.0" encoding="UTF-8"?>
<!-- Generated by org.testng.reporters.JUnitReportReporter -->
<testsuite hostname="ITT-VISHAL-S" failures="0" tests="3" name="introduction.Attribute_DependsOnDemo" time="0.007" errors="0" timestamp="2024-04-30T17:00:18 IST" skipped="0">
  <testcase classname="introduction.Attribute_DependsOnDemo" name="b" time="0.001"/>
  <system-out/>
  <testcase classname="introduction.Attribute_DependsOnDemo" name="c" time="0.002"/>
  <system-out/>
  <testcase classname="introduction.Attribute_DependsOnDemo" name="a" time="0.004"/>
  <system-out/>
</testsuite> <!-- introduction.Attribute_DependsOnDemo -->
