<?xml version="1.0" encoding="UTF-8"?>
<!-- Generated by org.testng.reporters.JUnitReportReporter -->
<testsuite hostname="ITT-VISHAL-S" failures="0" tests="3" name="introduction.Attribute_DataProviderTest" time="0.010" errors="0" timestamp="2023-10-07T16:44:02 IST" skipped="0">
  <testcase classname="introduction.Attribute_DataProviderTest" name="TestDataProvider" time="0.003"/>
  <system-out/>
  <testcase classname="introduction.Attribute_DataProviderTest" name="TestDataProvider" time="0.003"/>
  <system-out/>
  <testcase classname="introduction.Attribute_DataProviderTest" name="TestDataProvider" time="0.004"/>
  <system-out/>
</testsuite> <!-- introduction.Attribute_DataProviderTest -->
