<?xml version="1.0" encoding="UTF-8"?>
<!-- Generated by org.testng.reporters.JUnitReportReporter -->
<testsuite hostname="ITT-VISHAL-S" failures="0" tests="3" name="introduction.Attribute_PriorityTest" time="0.012" errors="0" timestamp="2023-10-07T16:44:01 IST" skipped="0">
  <testcase classname="introduction.Attribute_PriorityTest" name="c" time="0.006"/>
  <system-out/>
  <testcase classname="introduction.Attribute_PriorityTest" name="a" time="0.002"/>
  <system-out/>
  <testcase classname="introduction.Attribute_PriorityTest" name="b" time="0.004"/>
  <system-out/>
</testsuite> <!-- introduction.Attribute_PriorityTest -->
