<?xml version="1.0" encoding="UTF-8"?>
<!-- Generated by org.testng.reporters.JUnitReportReporter -->
<testsuite hostname="ITT-VISHAL-S" failures="0" tests="3" name="introduction.Attribute_PriorityTest" time="0.010" errors="0" timestamp="2024-04-30T17:04:09 IST" skipped="0">
  <testcase classname="introduction.Attribute_PriorityTest" name="b" time="0.004"/>
  <system-out/>
  <testcase classname="introduction.Attribute_PriorityTest" name="c" time="0.003"/>
  <system-out/>
  <testcase classname="introduction.Attribute_PriorityTest" name="a" time="0.003"/>
  <system-out/>
</testsuite> <!-- introduction.Attribute_PriorityTest -->
