<?xml version="1.0" encoding="UTF-8"?>
<!-- Generated by org.testng.reporters.JUnitReportReporter -->
<testsuite hostname="ITT-VISHAL-S" failures="0" tests="3" name="introduction.GroupsTest" time="0.012" errors="0" timestamp="2023-09-25T17:33:25 IST" skipped="0">
  <testcase classname="introduction.GroupsTest" name="smokeTest1" time="0.009"/>
  <system-out/>
  <testcase classname="introduction.GroupsTest" name="smokeTest2" time="0.002"/>
  <system-out/>
  <testcase classname="introduction.GroupsTest" name="smokeTest3" time="0.001"/>
  <system-out/>
</testsuite> <!-- introduction.GroupsTest -->
