<?xml version="1.0" encoding="UTF-8"?>
<!-- Generated by org.testng.reporters.JUnitReportReporter -->
<testsuite hostname="ITT-VISHAL-S" failures="0" tests="1" name="introduction.IncludeOnlyDemo" time="0.004" errors="0" timestamp="2024-04-30T17:04:09 IST" skipped="0">
  <testcase classname="introduction.IncludeOnlyDemo" name="includeMe" time="0.004"/>
  <system-out/>
</testsuite> <!-- introduction.IncludeOnlyDemo -->
