<?xml version="1.0" encoding="UTF-8"?>
<!-- Generated by org.testng.reporters.JUnitReportReporter -->
<testsuite hostname="ITT-VISHAL-S" failures="0" tests="3" name="introduction.Attribute_EnabledTest" time="0.004" errors="0" timestamp="2024-04-30T17:00:18 IST" skipped="1">
  <testcase classname="introduction.Attribute_EnabledTest" name="b" time="0.002"/>
  <system-out/>
  <testcase classname="introduction.Attribute_EnabledTest" name="c" time="0.002"/>
  <system-out/>
  <testcase classname="introduction.Attribute_EnabledTest" name="a">
    <skipped/>
  </testcase> <!-- a -->
  <system-out/>
</testsuite> <!-- introduction.Attribute_EnabledTest -->
