<?xml version="1.0" encoding="UTF-8"?>
<!-- Generated by org.testng.reporters.JUnitReportReporter -->
<testsuite hostname="ITT-VISHAL-S" failures="0" tests="1" name="introduction.FirstTest" time="0.001" errors="0" timestamp="2023-12-03T18:47:43 IST" skipped="0">
  <testcase classname="introduction.FirstTest" name="firstTest" time="0.001"/>
  <system-out/>
</testsuite> <!-- introduction.FirstTest -->
