<?xml version="1.0" encoding="UTF-8"?>
<!-- Generated by org.testng.reporters.JUnitReportReporter -->
<testsuite hostname="ITT-VISHAL-S" failures="0" tests="6" name="annotationslearning.AnnotationsDemo" time="0.046" errors="0" timestamp="2024-04-30T17:00:18 IST" skipped="0">
  <testcase classname="annotationslearning.AnnotationsDemo" name="Test1" time="0.005"/>
  <system-out/>
  <testcase classname="annotationslearning.AnnotationsDemo" name="sanityTest1" time="0.002"/>
  <system-out/>
  <testcase classname="annotationslearning.AnnotationsDemo" name="sanityTest3" time="0.002"/>
  <system-out/>
  <testcase classname="annotationslearning.AnnotationsDemo" name="Test2" time="0.005"/>
  <system-out/>
  <testcase classname="annotationslearning.AnnotationsDemo" name="sanityTest2" time="0.006"/>
  <system-out/>
  <testcase classname="annotationslearning.AnnotationsDemo" name="MultipleParams" time="0.026"/>
  <system-out/>
</testsuite> <!-- annotationslearning.AnnotationsDemo -->
