<?xml version="1.0" encoding="UTF-8"?>
<!-- Generated by org.testng.reporters.JUnitReportReporter -->
<testsuite hostname="ITT-VISHAL-S" failures="0" tests="1" name="introduction.Attribute_TimeoutTest" time="0.003" errors="0" timestamp="2023-12-03T18:47:43 IST" skipped="0">
  <testcase classname="introduction.Attribute_TimeoutTest" name="a" time="0.003"/>
  <system-out/>
</testsuite> <!-- introduction.Attribute_TimeoutTest -->
