<?xml version="1.0" encoding="UTF-8"?>
<!-- Generated by org.testng.reporters.JUnitReportReporter -->
<testsuite hostname="ITT-VISHAL-S" failures="0" tests="1" name="annotations.AnnotationsDemo" time="0.007" errors="0" timestamp="2023-09-20T17:27:42 IST" skipped="0">
  <testcase classname="annotations.AnnotationsDemo" name="Test" time="0.007"/>
  <system-out/>
</testsuite> <!-- annotations.AnnotationsDemo -->
