<?xml version="1.0" encoding="UTF-8"?>
<!-- Generated by org.testng.reporters.JUnitReportReporter -->
<testsuite hostname="ITT-VISHAL-S" failures="0" tests="1" name="introduction.Attribute_TimeoutTest" time="0.031" errors="0" timestamp="2023-10-07T16:44:01 IST" skipped="0">
  <testcase classname="introduction.Attribute_TimeoutTest" name="a" time="0.031"/>
  <system-out/>
</testsuite> <!-- introduction.Attribute_TimeoutTest -->
