<?xml version="1.0" encoding="UTF-8"?>
<!-- Generated by org.testng.reporters.JUnitReportReporter -->
<testsuite hostname="ITT-VISHAL-S" failures="0" tests="4" name="introduction.Attribute_PriorityDemo" time="0.010" errors="0" timestamp="2023-09-25T17:56:22 IST" skipped="0">
  <testcase classname="introduction.Attribute_PriorityDemo" name="ExcludeMeTest" time="0.007"/>
  <system-out/>
  <testcase classname="introduction.Attribute_PriorityDemo" name="WebloginTest" time="0.002"/>
  <system-out/>
  <testcase classname="introduction.Attribute_PriorityDemo" name="MobileTest" time="0.001"/>
  <system-out/>
  <testcase classname="introduction.Attribute_PriorityDemo" name="APICall" time="0.000"/>
  <system-out/>
</testsuite> <!-- introduction.Attribute_PriorityDemo -->
