<?xml version="1.0" encoding="UTF-8"?>
<!-- Generated by org.testng.reporters.JUnitReportReporter -->
<testsuite hostname="ITT-VISHAL-S" failures="0" tests="3" name="introduction.RegexSuiteForControllingTests" time="0.007" errors="0" timestamp="2024-04-30T17:04:09 IST" skipped="0">
  <testcase classname="introduction.RegexSuiteForControllingTests" name="runMe" time="0.002"/>
  <system-out/>
  <testcase classname="introduction.RegexSuiteForControllingTests" name="runMe3" time="0.002"/>
  <system-out/>
  <testcase classname="introduction.RegexSuiteForControllingTests" name="runMe2" time="0.003"/>
  <system-out/>
</testsuite> <!-- introduction.RegexSuiteForControllingTests -->
