<?xml version="1.0" encoding="UTF-8"?>
<!-- Generated by org.testng.reporters.JUnitReportReporter -->
<testsuite hostname="ITT-VISHAL-S" failures="0" tests="4" name="introduction.RegexSuiteForControllingTests" time="0.004" errors="0" timestamp="2023-12-03T18:47:43 IST" skipped="0">
  <testcase classname="introduction.RegexSuiteForControllingTests" name="runMe2" time="0.001"/>
  <system-out/>
  <testcase classname="introduction.RegexSuiteForControllingTests" name="exclude" time="0.001"/>
  <system-out/>
  <testcase classname="introduction.RegexSuiteForControllingTests" name="runMe" time="0.001"/>
  <system-out/>
  <testcase classname="introduction.RegexSuiteForControllingTests" name="runMe3" time="0.001"/>
  <system-out/>
</testsuite> <!-- introduction.RegexSuiteForControllingTests -->
