<?xml version="1.0" encoding="UTF-8"?>
<!-- Generated by org.testng.reporters.JUnitReportReporter -->
<testsuite hostname="ITT-VISHAL-S" failures="0" tests="4" name="introduction.PriorityDemo" time="0.010" errors="0" timestamp="2023-09-25T17:26:21 IST" skipped="0">
  <testcase classname="introduction.PriorityDemo" name="ExcludeMeTest" time="0.004"/>
  <system-out/>
  <testcase classname="introduction.PriorityDemo" name="WebloginTest" time="0.003"/>
  <system-out/>
  <testcase classname="introduction.PriorityDemo" name="MobileTest" time="0.001"/>
  <system-out/>
  <testcase classname="introduction.PriorityDemo" name="APICall" time="0.002"/>
  <system-out/>
</testsuite> <!-- introduction.PriorityDemo -->
