<?xml version="1.0" encoding="UTF-8"?>
<!-- Generated by org.testng.reporters.JUnitReportReporter -->
<testsuite hostname="ITT-VISHAL-S" failures="0" tests="1" name="introduction.Attribute_TimeoutTest" time="0.007" errors="0" timestamp="2024-04-30T17:00:18 IST" skipped="0">
  <testcase classname="introduction.Attribute_TimeoutTest" name="a" time="0.007"/>
  <system-out/>
</testsuite> <!-- introduction.Attribute_TimeoutTest -->
