<?xml version="1.0" encoding="UTF-8"?>
<!-- Generated by org.testng.reporters.JUnitReportReporter -->
<testsuite hostname="ITT-VISHAL-S" failures="0" tests="3" name="introduction.Attribute_GroupsTest" time="0.002" errors="0" timestamp="2023-12-03T18:47:43 IST" skipped="0">
  <testcase classname="introduction.Attribute_GroupsTest" name="smokeTest3" time="0.001"/>
  <system-out/>
  <testcase classname="introduction.Attribute_GroupsTest" name="smokeTest1" time="0.001"/>
  <system-out/>
  <testcase classname="introduction.Attribute_GroupsTest" name="smokeTest2" time="0.000"/>
  <system-out/>
</testsuite> <!-- introduction.Attribute_GroupsTest -->
