<?xml version="1.0" encoding="UTF-8"?>
<!-- Generated by org.testng.reporters.JUnitReportReporter -->
<testsuite hostname="ITT-VISHAL-S" failures="0" tests="1" name="e2etests.ErrorValidationTest" time="6.019" errors="0" timestamp="2024-05-08T18:21:15 IST" skipped="0">
  <testcase classname="e2etests.ErrorValidationTest" name="incorrectCredentialsLoginTest" time="6.019"/>
</testsuite> <!-- e2etests.ErrorValidationTest -->
