<?xml version="1.0" encoding="UTF-8"?>
<!-- Generated by org.testng.reporters.JUnitReportReporter -->
<testsuite hostname="ITT-VISHAL-S" failures="0" tests="1" name="frameworklearning.ExtentReports.ExtentReportDemo" time="10.141" errors="0" timestamp="2023-10-03T17:29:55 IST" skipped="0">
  <testcase classname="frameworklearning.ExtentReports.ExtentReportDemo" name="initialDemo" time="10.141"/>
</testsuite> <!-- frameworklearning.ExtentReports.ExtentReportDemo -->
